<?xml version="1.0" encoding="UTF-8"?>
<!-- Generated by org.testng.reporters.JUnitXMLReporter -->
<testsuite hostname="DESKTOP-BURK48L" ignored="0" name="Test" tests="4" failures="0" timestamp="18 Jul 2022 03:07:08 GMT" time="31.773" errors="0">
  <testcase name="launchBrowser" time="0.924" classname="com.moduleone.LoginPage"/>
  <testcase name="launchBrowser" time="0.809" classname="com.moduleone.LoginPage"/>
  <testcase name="launchBrowser" time="0.783" classname="com.moduleone.LoginPage"/>
  <testcase name="launchBrowser" time="0.779" classname="com.moduleone.LoginPage"/>
</testsuite> <!-- Test -->
